빌드 시작: 2022-05-17 오후 12:57:53
로깅의 세부 정보 표시가 Normal(으)로 설정되었습니다.     1>2 노드의 "C:\Users\82103\Documents\study\WinAPI\WinAPI.vcxproj" 프로젝트(Build 대상)입니다.
     1>InitializeBuildStatus:
         "AlwaysCreate"이(가) 지정되었기 때문에 "x64\Debug\WinAPI.tlog\unsuccessfulbuild"을(를) 만들고 있습니다.
       ClCompile:
         C:\Program Files (x86)\Microsoft Visual Studio\2019\Community\VC\Tools\MSVC\14.28.29910\bin\HostX86\x64\CL.exe /c /ZI /JMC /nologo /W3 /WX- /diagnostics:column /sdl /Od /D _DEBUG /D _WINDOWS /D _UNICODE /D UNICODE /Gm- /EHsc /RTC1 /MDd /GS /fp:precise /permissive- /Zc:wchar_t /Zc:forScope /Zc:inline /Fo"x64\Debug\\" /Fd"x64\Debug\vc142.pdb" /Gd /TP /FC /errorReport:prompt SimplePhysics2D.cpp
         SimplePhysics2D.cpp
     1>C:\Users\82103\Documents\study\WinAPI\SimplePhysics2D.cpp(16,83): warning C4244: '인수': 'float'에서 'int'(으)로 변환하면서 데이터가 손실될 수 있습니다.
     1>C:\Users\82103\Documents\study\WinAPI\SimplePhysics2D.cpp(16,63): warning C4244: '인수': 'float'에서 'int'(으)로 변환하면서 데이터가 손실될 수 있습니다.
     1>C:\Users\82103\Documents\study\WinAPI\SimplePhysics2D.cpp(16,43): warning C4244: '인수': 'float'에서 'int'(으)로 변환하면서 데이터가 손실될 수 있습니다.
     1>C:\Users\82103\Documents\study\WinAPI\SimplePhysics2D.cpp(16,23): warning C4244: '인수': 'float'에서 'int'(으)로 변환하면서 데이터가 손실될 수 있습니다.
     1>C:\Users\82103\Documents\study\WinAPI\SimplePhysics2D.cpp(35,87): warning C4244: '인수': 'float'에서 'int'(으)로 변환하면서 데이터가 손실될 수 있습니다.
     1>C:\Users\82103\Documents\study\WinAPI\SimplePhysics2D.cpp(35,66): warning C4244: '인수': 'float'에서 'int'(으)로 변환하면서 데이터가 손실될 수 있습니다.
     1>C:\Users\82103\Documents\study\WinAPI\SimplePhysics2D.cpp(35,45): warning C4244: '인수': 'float'에서 'int'(으)로 변환하면서 데이터가 손실될 수 있습니다.
     1>C:\Users\82103\Documents\study\WinAPI\SimplePhysics2D.cpp(35,23): warning C4244: '인수': 'float'에서 'int'(으)로 변환하면서 데이터가 손실될 수 있습니다.
     1>C:\Users\82103\Documents\study\WinAPI\SimplePhysics2D.cpp(245,35): warning C4267: '초기화 중': 'size_t'에서 'UINT'(으)로 변환하면서 데이터가 손실될 수 있습니다.
     1>C:\Users\82103\Documents\study\WinAPI\SimplePhysics2D.cpp(245,35): warning C4267: '초기화 중': 'size_t'에서 'const UINT'(으)로 변환하면서 데이터가 손실될 수 있습니다.
     1>C:\Users\82103\Documents\study\WinAPI\SimplePhysics2D.cpp(246,24): warning C4018: '>': signed 또는 unsigned가 일치하지 않습니다.
     1>C:\Users\82103\Documents\study\WinAPI\SimplePhysics2D.cpp(248,29): warning C4018: '>': signed 또는 unsigned가 일치하지 않습니다.
     1>C:\Users\82103\Documents\study\WinAPI\SimplePhysics2D.cpp(261,29): warning C4018: '>': signed 또는 unsigned가 일치하지 않습니다.
       Link:
         C:\Program Files (x86)\Microsoft Visual Studio\2019\Community\VC\Tools\MSVC\14.28.29910\bin\HostX86\x64\link.exe /ERRORREPORT:PROMPT /OUT:"C:\Users\82103\Documents\study\WinAPI\x64\Debug\WinAPI.exe" /INCREMENTAL /NOLOGO kernel32.lib user32.lib gdi32.lib winspool.lib comdlg32.lib advapi32.lib shell32.lib ole32.lib oleaut32.lib uuid.lib odbc32.lib odbccp32.lib /MANIFEST /MANIFESTUAC:"level='asInvoker' uiAccess='false'" /manifest:embed /DEBUG:FASTLINK /PDB:"C:\Users\82103\Documents\study\WinAPI\x64\Debug\WinAPI.pdb" /SUBSYSTEM:WINDOWS /TLBID:1 /DYNAMICBASE /NXCOMPAT /IMPLIB:"C:\Users\82103\Documents\study\WinAPI\x64\Debug\WinAPI.lib" /MACHINE:X64 x64\Debug\DoubleBufferRender.obj
         x64\Debug\PhysicsProject.obj
         x64\Debug\SimplePhysics2D.obj
         WinAPI.vcxproj -> C:\Users\82103\Documents\study\WinAPI\x64\Debug\WinAPI.exe
       FinalizeBuildStatus:
         "x64\Debug\WinAPI.tlog\unsuccessfulbuild" 파일을 삭제하고 있습니다.
         "x64\Debug\WinAPI.tlog\WinAPI.lastbuildstate"에 연결(touching)하고 있습니다.
     1>"C:\Users\82103\Documents\study\WinAPI\WinAPI.vcxproj" 프로젝트를 빌드했습니다(Build 대상).

빌드했습니다.

       "C:\Users\82103\Documents\study\WinAPI\WinAPI.vcxproj"(Build 대상)(1) ->
       (ClCompile 대상) -> 
         C:\Users\82103\Documents\study\WinAPI\SimplePhysics2D.cpp(16,83): warning C4244: '인수': 'float'에서 'int'(으)로 변환하면서 데이터가 손실될 수 있습니다.
         C:\Users\82103\Documents\study\WinAPI\SimplePhysics2D.cpp(16,63): warning C4244: '인수': 'float'에서 'int'(으)로 변환하면서 데이터가 손실될 수 있습니다.
         C:\Users\82103\Documents\study\WinAPI\SimplePhysics2D.cpp(16,43): warning C4244: '인수': 'float'에서 'int'(으)로 변환하면서 데이터가 손실될 수 있습니다.
         C:\Users\82103\Documents\study\WinAPI\SimplePhysics2D.cpp(16,23): warning C4244: '인수': 'float'에서 'int'(으)로 변환하면서 데이터가 손실될 수 있습니다.
         C:\Users\82103\Documents\study\WinAPI\SimplePhysics2D.cpp(35,87): warning C4244: '인수': 'float'에서 'int'(으)로 변환하면서 데이터가 손실될 수 있습니다.
         C:\Users\82103\Documents\study\WinAPI\SimplePhysics2D.cpp(35,66): warning C4244: '인수': 'float'에서 'int'(으)로 변환하면서 데이터가 손실될 수 있습니다.
         C:\Users\82103\Documents\study\WinAPI\SimplePhysics2D.cpp(35,45): warning C4244: '인수': 'float'에서 'int'(으)로 변환하면서 데이터가 손실될 수 있습니다.
         C:\Users\82103\Documents\study\WinAPI\SimplePhysics2D.cpp(35,23): warning C4244: '인수': 'float'에서 'int'(으)로 변환하면서 데이터가 손실될 수 있습니다.
         C:\Users\82103\Documents\study\WinAPI\SimplePhysics2D.cpp(245,35): warning C4267: '초기화 중': 'size_t'에서 'UINT'(으)로 변환하면서 데이터가 손실될 수 있습니다.
         C:\Users\82103\Documents\study\WinAPI\SimplePhysics2D.cpp(245,35): warning C4267: '초기화 중': 'size_t'에서 'const UINT'(으)로 변환하면서 데이터가 손실될 수 있습니다.
         C:\Users\82103\Documents\study\WinAPI\SimplePhysics2D.cpp(246,24): warning C4018: '>': signed 또는 unsigned가 일치하지 않습니다.
         C:\Users\82103\Documents\study\WinAPI\SimplePhysics2D.cpp(248,29): warning C4018: '>': signed 또는 unsigned가 일치하지 않습니다.
         C:\Users\82103\Documents\study\WinAPI\SimplePhysics2D.cpp(261,29): warning C4018: '>': signed 또는 unsigned가 일치하지 않습니다.

    경고 13개
    오류 0개

경과 시간: 00:00:02.18
