c:\users\82103\desktop\clientsocket\x64\debug\clientsocket.pch
c:\users\82103\desktop\clientsocket\x64\debug\vc142.pdb
c:\users\82103\desktop\clientsocket\x64\debug\vc142.idb
c:\users\82103\desktop\clientsocket\x64\debug\pch.obj
c:\users\82103\desktop\clientsocket\x64\debug\clientsocketdlg.obj
c:\users\82103\desktop\clientsocket\x64\debug\clientsocket.obj
c:\users\82103\desktop\clientsocket\x64\debug\cclient.obj
c:\users\82103\desktop\clientsocket\x64\debug\clientsocket.ilk
c:\users\82103\desktop\clientsocket\x64\debug\clientsocket.exe
c:\users\82103\desktop\clientsocket\x64\debug\clientsocket.pdb
c:\users\82103\desktop\clientsocket\x64\debug\clientsocket.res
c:\users\82103\desktop\clientsocket\x64\debug\clientsocket.tlog\cl.command.1.tlog
c:\users\82103\desktop\clientsocket\x64\debug\clientsocket.tlog\cl.read.1.tlog
c:\users\82103\desktop\clientsocket\x64\debug\clientsocket.tlog\cl.write.1.tlog
c:\users\82103\desktop\clientsocket\x64\debug\clientsocket.tlog\link.command.1.tlog
c:\users\82103\desktop\clientsocket\x64\debug\clientsocket.tlog\link.read.1.tlog
c:\users\82103\desktop\clientsocket\x64\debug\clientsocket.tlog\link.write.1.tlog
c:\users\82103\desktop\clientsocket\x64\debug\clientsocket.tlog\rc.command.1.tlog
c:\users\82103\desktop\clientsocket\x64\debug\clientsocket.tlog\rc.read.1.tlog
c:\users\82103\desktop\clientsocket\x64\debug\clientsocket.tlog\rc.write.1.tlog
